<?xml version="1.0" encoding="UTF-8"?>
<coverage generated="1732720743">
  <project timestamp="1732720743">
    <file name="/Users/aurelien/PROJETS/OC/P8 - tests/TodoAndCo/src/Controller/HomepageController.php">
      <class name="App\Controller\HomepageController" namespace="global">
        <metrics complexity="1" methods="1" coveredmethods="1" conditionals="0" coveredconditionals="0" statements="1" coveredstatements="1" elements="2" coveredelements="2"/>
      </class>
      <line num="10" type="method" name="indexAction" visibility="public" complexity="1" crap="1" count="3"/>
      <line num="13" type="stmt" count="3"/>
      <metrics loc="16" ncloc="16" classes="1" methods="1" coveredmethods="1" conditionals="0" coveredconditionals="0" statements="1" coveredstatements="1" elements="2" coveredelements="2"/>
    </file>
    <file name="/Users/aurelien/PROJETS/OC/P8 - tests/TodoAndCo/src/Controller/SecurityController.php">
      <class name="App\Controller\SecurityController" namespace="global">
        <metrics complexity="2" methods="2" coveredmethods="1" conditionals="0" coveredconditionals="0" statements="10" coveredstatements="8" elements="12" coveredelements="9"/>
      </class>
      <line num="15" type="method" name="loginAction" visibility="public" complexity="1" crap="1" count="2"/>
      <line num="19" type="stmt" count="2"/>
      <line num="20" type="stmt" count="2"/>
      <line num="22" type="stmt" count="2"/>
      <line num="23" type="stmt" count="2"/>
      <line num="24" type="stmt" count="2"/>
      <line num="25" type="stmt" count="2"/>
      <line num="26" type="stmt" count="2"/>
      <line num="27" type="stmt" count="2"/>
      <line num="31" type="method" name="logoutAction" visibility="public" complexity="1" crap="2" count="0"/>
      <line num="36" type="stmt" count="0"/>
      <line num="38" type="stmt" count="0"/>
      <metrics loc="43" ncloc="42" classes="1" methods="2" coveredmethods="1" conditionals="0" coveredconditionals="0" statements="10" coveredstatements="8" elements="12" coveredelements="9"/>
    </file>
    <file name="/Users/aurelien/PROJETS/OC/P8 - tests/TodoAndCo/src/Controller/TaskController.php">
      <class name="App\Controller\TaskController" namespace="global">
        <metrics complexity="10" methods="6" coveredmethods="5" conditionals="0" coveredconditionals="0" statements="31" coveredstatements="19" elements="37" coveredelements="24"/>
      </class>
      <line num="16" type="method" name="__construct" visibility="public" complexity="1" crap="1" count="9"/>
      <line num="19" type="stmt" count="9"/>
      <line num="22" type="method" name="listAction" visibility="public" complexity="1" crap="1" count="6"/>
      <line num="25" type="stmt" count="6"/>
      <line num="29" type="method" name="createAction" visibility="public" complexity="3" crap="3" count="4"/>
      <line num="32" type="stmt" count="4"/>
      <line num="33" type="stmt" count="4"/>
      <line num="35" type="stmt" count="4"/>
      <line num="37" type="stmt" count="4"/>
      <line num="38" type="stmt" count="1"/>
      <line num="39" type="stmt" count="1"/>
      <line num="41" type="stmt" count="1"/>
      <line num="43" type="stmt" count="1"/>
      <line num="46" type="stmt" count="4"/>
      <line num="50" type="method" name="editAction" visibility="public" complexity="3" crap="12" count="0"/>
      <line num="53" type="stmt" count="0"/>
      <line num="55" type="stmt" count="0"/>
      <line num="57" type="stmt" count="0"/>
      <line num="58" type="stmt" count="0"/>
      <line num="60" type="stmt" count="0"/>
      <line num="62" type="stmt" count="0"/>
      <line num="65" type="stmt" count="0"/>
      <line num="66" type="stmt" count="0"/>
      <line num="67" type="stmt" count="0"/>
      <line num="68" type="stmt" count="0"/>
      <line num="69" type="stmt" count="0"/>
      <line num="70" type="stmt" count="0"/>
      <line num="74" type="method" name="toggleTaskAction" visibility="public" complexity="1" crap="1" count="2"/>
      <line num="77" type="stmt" count="2"/>
      <line num="78" type="stmt" count="2"/>
      <line num="80" type="stmt" count="2"/>
      <line num="82" type="stmt" count="2"/>
      <line num="86" type="method" name="deleteTaskAction" visibility="public" complexity="1" crap="1" count="1"/>
      <line num="89" type="stmt" count="1"/>
      <line num="90" type="stmt" count="1"/>
      <line num="92" type="stmt" count="1"/>
      <line num="94" type="stmt" count="1"/>
      <metrics loc="99" ncloc="99" classes="1" methods="6" coveredmethods="5" conditionals="0" coveredconditionals="0" statements="31" coveredstatements="19" elements="37" coveredelements="24"/>
    </file>
    <file name="/Users/aurelien/PROJETS/OC/P8 - tests/TodoAndCo/src/Controller/UserController.php">
      <class name="App\Controller\UserController" namespace="global">
        <metrics complexity="9" methods="4" coveredmethods="3" conditionals="0" coveredconditionals="0" statements="25" coveredstatements="15" elements="29" coveredelements="18"/>
      </class>
      <line num="17" type="method" name="__construct" visibility="public" complexity="1" crap="1" count="5"/>
      <line num="21" type="stmt" count="5"/>
      <line num="24" type="method" name="listAction" visibility="public" complexity="1" crap="1" count="2"/>
      <line num="27" type="stmt" count="2"/>
      <line num="31" type="method" name="createAction" visibility="public" complexity="4" crap="4" count="4"/>
      <line num="34" type="stmt" count="4"/>
      <line num="35" type="stmt" count="4"/>
      <line num="37" type="stmt" count="4"/>
      <line num="39" type="stmt" count="4"/>
      <line num="42" type="stmt" count="4"/>
      <line num="43" type="stmt" count="2"/>
      <line num="44" type="stmt" count="2"/>
      <line num="45" type="stmt" count="2"/>
      <line num="47" type="stmt" count="2"/>
      <line num="48" type="stmt" count="2"/>
      <line num="50" type="stmt" count="1"/>
      <line num="52" type="stmt" count="1"/>
      <line num="55" type="stmt" count="4"/>
      <line num="59" type="method" name="editAction" visibility="public" complexity="3" crap="12" count="0"/>
      <line num="62" type="stmt" count="0"/>
      <line num="64" type="stmt" count="0"/>
      <line num="66" type="stmt" count="0"/>
      <line num="67" type="stmt" count="0"/>
      <line num="68" type="stmt" count="0"/>
      <line num="69" type="stmt" count="0"/>
      <line num="71" type="stmt" count="0"/>
      <line num="73" type="stmt" count="0"/>
      <line num="75" type="stmt" count="0"/>
      <line num="78" type="stmt" count="0"/>
      <metrics loc="83" ncloc="83" classes="1" methods="4" coveredmethods="3" conditionals="0" coveredconditionals="0" statements="25" coveredstatements="15" elements="29" coveredelements="18"/>
    </file>
    <file name="/Users/aurelien/PROJETS/OC/P8 - tests/TodoAndCo/src/Entity/Task.php">
      <class name="App\Entity\Task" namespace="global">
        <metrics complexity="11" methods="11" coveredmethods="9" conditionals="0" coveredconditionals="0" statements="12" coveredstatements="10" elements="23" coveredelements="19"/>
      </class>
      <line num="34" type="method" name="__construct" visibility="public" complexity="1" crap="1" count="13"/>
      <line num="36" type="stmt" count="13"/>
      <line num="37" type="stmt" count="13"/>
      <line num="41" type="method" name="getId" visibility="public" complexity="1" crap="1" count="6"/>
      <line num="43" type="stmt" count="6"/>
      <line num="47" type="method" name="getCreatedAt" visibility="public" complexity="1" crap="2" count="0"/>
      <line num="49" type="stmt" count="0"/>
      <line num="53" type="method" name="setCreatedAt" visibility="public" complexity="1" crap="2" count="0"/>
      <line num="55" type="stmt" count="0"/>
      <line num="59" type="method" name="getTitle" visibility="public" complexity="1" crap="1" count="9"/>
      <line num="61" type="stmt" count="9"/>
      <line num="65" type="method" name="setTitle" visibility="public" complexity="1" crap="1" count="13"/>
      <line num="67" type="stmt" count="13"/>
      <line num="71" type="method" name="getContent" visibility="public" complexity="1" crap="1" count="9"/>
      <line num="73" type="stmt" count="9"/>
      <line num="77" type="method" name="setContent" visibility="public" complexity="1" crap="1" count="13"/>
      <line num="79" type="stmt" count="13"/>
      <line num="83" type="method" name="setIsDone" visibility="public" complexity="1" crap="1" count="13"/>
      <line num="85" type="stmt" count="13"/>
      <line num="89" type="method" name="isDone" visibility="public" complexity="1" crap="1" count="6"/>
      <line num="91" type="stmt" count="6"/>
      <line num="95" type="method" name="toggle" visibility="public" complexity="1" crap="1" count="2"/>
      <line num="97" type="stmt" count="2"/>
      <metrics loc="102" ncloc="102" classes="1" methods="11" coveredmethods="9" conditionals="0" coveredconditionals="0" statements="12" coveredstatements="10" elements="23" coveredelements="19"/>
    </file>
    <file name="/Users/aurelien/PROJETS/OC/P8 - tests/TodoAndCo/src/Entity/User.php">
      <class name="App\Entity\User" namespace="global">
        <metrics complexity="11" methods="11" coveredmethods="11" conditionals="0" coveredconditionals="0" statements="17" coveredstatements="17" elements="28" coveredelements="28"/>
      </class>
      <line num="40" type="method" name="getId" visibility="public" complexity="1" crap="1" count="2"/>
      <line num="42" type="stmt" count="2"/>
      <line num="46" type="method" name="getUsername" visibility="public" complexity="1" crap="1" count="7"/>
      <line num="48" type="stmt" count="7"/>
      <line num="52" type="method" name="setUsername" visibility="public" complexity="1" crap="1" count="16"/>
      <line num="54" type="stmt" count="16"/>
      <line num="55" type="stmt" count="16"/>
      <line num="59" type="method" name="getPassword" visibility="public" complexity="1" crap="1" count="6"/>
      <line num="61" type="stmt" count="6"/>
      <line num="65" type="method" name="setPassword" visibility="public" complexity="1" crap="1" count="16"/>
      <line num="67" type="stmt" count="16"/>
      <line num="69" type="stmt" count="16"/>
      <line num="73" type="method" name="getEmail" visibility="public" complexity="1" crap="1" count="5"/>
      <line num="75" type="stmt" count="5"/>
      <line num="79" type="method" name="setEmail" visibility="public" complexity="1" crap="1" count="16"/>
      <line num="81" type="stmt" count="16"/>
      <line num="83" type="stmt" count="16"/>
      <line num="87" type="method" name="getRoles" visibility="public" complexity="1" crap="1" count="6"/>
      <line num="89" type="stmt" count="6"/>
      <line num="91" type="stmt" count="6"/>
      <line num="93" type="stmt" count="6"/>
      <line num="97" type="method" name="setRoles" visibility="public" complexity="1" crap="1" count="15"/>
      <line num="99" type="stmt" count="15"/>
      <line num="101" type="stmt" count="15"/>
      <line num="105" type="method" name="eraseCredentials" visibility="public" complexity="1" crap="1" count="1"/>
      <line num="107" type="stmt" count="1"/>
      <line num="110" type="method" name="getUserIdentifier" visibility="public" complexity="1" crap="1" count="2"/>
      <line num="112" type="stmt" count="2"/>
      <metrics loc="117" ncloc="116" classes="1" methods="11" coveredmethods="11" conditionals="0" coveredconditionals="0" statements="17" coveredstatements="17" elements="28" coveredelements="28"/>
    </file>
    <file name="/Users/aurelien/PROJETS/OC/P8 - tests/TodoAndCo/src/Form/TaskType.php">
      <class name="App\Form\TaskType" namespace="global">
        <metrics complexity="1" methods="1" coveredmethods="1" conditionals="0" coveredconditionals="0" statements="5" coveredstatements="5" elements="6" coveredelements="6"/>
      </class>
      <line num="11" type="method" name="buildForm" visibility="public" complexity="1" crap="1" count="4"/>
      <line num="13" type="stmt" count="4"/>
      <line num="14" type="stmt" count="4"/>
      <line num="15" type="stmt" count="4"/>
      <line num="16" type="stmt" count="4"/>
      <line num="17" type="stmt" count="4"/>
      <metrics loc="20" ncloc="20" classes="1" methods="1" coveredmethods="1" conditionals="0" coveredconditionals="0" statements="5" coveredstatements="5" elements="6" coveredelements="6"/>
    </file>
    <file name="/Users/aurelien/PROJETS/OC/P8 - tests/TodoAndCo/src/Form/UserType.php">
      <class name="App\Form\UserType" namespace="global">
        <metrics complexity="1" methods="1" coveredmethods="1" conditionals="0" coveredconditionals="0" statements="29" coveredstatements="29" elements="30" coveredelements="30"/>
      </class>
      <line num="19" type="method" name="buildForm" visibility="public" complexity="1" crap="1" count="4"/>
      <line num="21" type="stmt" count="4"/>
      <line num="22" type="stmt" count="4"/>
      <line num="23" type="stmt" count="4"/>
      <line num="24" type="stmt" count="4"/>
      <line num="25" type="stmt" count="4"/>
      <line num="26" type="stmt" count="4"/>
      <line num="27" type="stmt" count="4"/>
      <line num="28" type="stmt" count="4"/>
      <line num="29" type="stmt" count="4"/>
      <line num="30" type="stmt" count="4"/>
      <line num="31" type="stmt" count="4"/>
      <line num="32" type="stmt" count="4"/>
      <line num="33" type="stmt" count="4"/>
      <line num="34" type="stmt" count="4"/>
      <line num="35" type="stmt" count="4"/>
      <line num="36" type="stmt" count="4"/>
      <line num="37" type="stmt" count="4"/>
      <line num="38" type="stmt" count="4"/>
      <line num="39" type="stmt" count="4"/>
      <line num="40" type="stmt" count="4"/>
      <line num="41" type="stmt" count="4"/>
      <line num="42" type="stmt" count="4"/>
      <line num="43" type="stmt" count="4"/>
      <line num="44" type="stmt" count="4"/>
      <line num="45" type="stmt" count="4"/>
      <line num="46" type="stmt" count="4"/>
      <line num="47" type="stmt" count="4"/>
      <line num="48" type="stmt" count="4"/>
      <line num="49" type="stmt" count="4"/>
      <metrics loc="54" ncloc="54" classes="1" methods="1" coveredmethods="1" conditionals="0" coveredconditionals="0" statements="29" coveredstatements="29" elements="30" coveredelements="30"/>
    </file>
    <file name="/Users/aurelien/PROJETS/OC/P8 - tests/TodoAndCo/src/Kernel.php">
      <class name="App\Kernel" namespace="global">
        <metrics complexity="0" methods="0" coveredmethods="0" conditionals="0" coveredconditionals="0" statements="0" coveredstatements="0" elements="0" coveredelements="0"/>
      </class>
      <metrics loc="12" ncloc="12" classes="0" methods="0" coveredmethods="0" conditionals="0" coveredconditionals="0" statements="0" coveredstatements="0" elements="0" coveredelements="0"/>
    </file>
    <file name="/Users/aurelien/PROJETS/OC/P8 - tests/TodoAndCo/src/Repository/UserRepository.php">
      <class name="App\Repository\UserRepository" namespace="global">
        <metrics complexity="1" methods="1" coveredmethods="1" conditionals="0" coveredconditionals="0" statements="1" coveredstatements="1" elements="2" coveredelements="2"/>
      </class>
      <line num="13" type="method" name="__construct" visibility="public" complexity="1" crap="1" count="1"/>
      <line num="15" type="stmt" count="1"/>
      <metrics loc="19" ncloc="19" classes="1" methods="1" coveredmethods="1" conditionals="0" coveredconditionals="0" statements="1" coveredstatements="1" elements="2" coveredelements="2"/>
    </file>
    <metrics files="10" loc="565" ncloc="563" classes="9" methods="38" coveredmethods="33" conditionals="0" coveredconditionals="0" statements="131" coveredstatements="105" elements="169" coveredelements="138"/>
  </project>
</coverage>
