<?xml version="1.0" encoding="UTF-8"?>
<coverage generated="1736431165">
  <project timestamp="1736431165">
    <file name="/Users/aurelien/PROJETS/OC/P8 - tests/TodoAndCo/src/Controller/HomepageController.php">
      <class name="App\Controller\HomepageController" namespace="global">
        <metrics complexity="1" methods="1" coveredmethods="1" conditionals="0" coveredconditionals="0" statements="1" coveredstatements="1" elements="2" coveredelements="2"/>
      </class>
      <line num="10" type="method" name="indexAction" visibility="public" complexity="1" crap="1" count="3"/>
      <line num="13" type="stmt" count="3"/>
      <metrics loc="16" ncloc="16" classes="1" methods="1" coveredmethods="1" conditionals="0" coveredconditionals="0" statements="1" coveredstatements="1" elements="2" coveredelements="2"/>
    </file>
    <file name="/Users/aurelien/PROJETS/OC/P8 - tests/TodoAndCo/src/Controller/SecurityController.php">
      <class name="App\Controller\SecurityController" namespace="global">
        <metrics complexity="2" methods="2" coveredmethods="1" conditionals="0" coveredconditionals="0" statements="10" coveredstatements="8" elements="12" coveredelements="9"/>
      </class>
      <line num="15" type="method" name="loginAction" visibility="public" complexity="1" crap="1" count="7"/>
      <line num="19" type="stmt" count="7"/>
      <line num="20" type="stmt" count="7"/>
      <line num="22" type="stmt" count="7"/>
      <line num="23" type="stmt" count="7"/>
      <line num="24" type="stmt" count="7"/>
      <line num="25" type="stmt" count="7"/>
      <line num="26" type="stmt" count="7"/>
      <line num="27" type="stmt" count="7"/>
      <line num="31" type="method" name="logoutAction" visibility="public" complexity="1" crap="2" count="0"/>
      <line num="36" type="stmt" count="0"/>
      <line num="38" type="stmt" count="0"/>
      <metrics loc="43" ncloc="42" classes="1" methods="2" coveredmethods="1" conditionals="0" coveredconditionals="0" statements="10" coveredstatements="8" elements="12" coveredelements="9"/>
    </file>
    <file name="/Users/aurelien/PROJETS/OC/P8 - tests/TodoAndCo/src/Controller/TaskController.php">
      <class name="App\Controller\TaskController" namespace="global">
        <metrics complexity="10" methods="6" coveredmethods="6" conditionals="0" coveredconditionals="0" statements="34" coveredstatements="34" elements="40" coveredelements="40"/>
      </class>
      <line num="17" type="method" name="__construct" visibility="public" complexity="1" crap="1" count="22"/>
      <line num="20" type="stmt" count="22"/>
      <line num="23" type="method" name="listAction" visibility="public" complexity="1" crap="1" count="15"/>
      <line num="26" type="stmt" count="15"/>
      <line num="30" type="method" name="createAction" visibility="public" complexity="3" crap="3" count="4"/>
      <line num="34" type="stmt" count="4"/>
      <line num="35" type="stmt" count="4"/>
      <line num="37" type="stmt" count="4"/>
      <line num="39" type="stmt" count="4"/>
      <line num="40" type="stmt" count="1"/>
      <line num="42" type="stmt" count="1"/>
      <line num="43" type="stmt" count="1"/>
      <line num="45" type="stmt" count="1"/>
      <line num="47" type="stmt" count="1"/>
      <line num="50" type="stmt" count="4"/>
      <line num="54" type="method" name="editAction" visibility="public" complexity="3" crap="3" count="6"/>
      <line num="57" type="stmt" count="6"/>
      <line num="58" type="stmt" count="3"/>
      <line num="60" type="stmt" count="3"/>
      <line num="62" type="stmt" count="3"/>
      <line num="63" type="stmt" count="3"/>
      <line num="65" type="stmt" count="3"/>
      <line num="67" type="stmt" count="3"/>
      <line num="70" type="stmt" count="3"/>
      <line num="71" type="stmt" count="3"/>
      <line num="72" type="stmt" count="3"/>
      <line num="73" type="stmt" count="3"/>
      <line num="74" type="stmt" count="3"/>
      <line num="75" type="stmt" count="3"/>
      <line num="79" type="method" name="toggleTaskAction" visibility="public" complexity="1" crap="1" count="2"/>
      <line num="83" type="stmt" count="2"/>
      <line num="84" type="stmt" count="2"/>
      <line num="86" type="stmt" count="2"/>
      <line num="88" type="stmt" count="2"/>
      <line num="92" type="method" name="deleteTaskAction" visibility="public" complexity="1" crap="1" count="5"/>
      <line num="95" type="stmt" count="5"/>
      <line num="97" type="stmt" count="2"/>
      <line num="98" type="stmt" count="2"/>
      <line num="100" type="stmt" count="2"/>
      <line num="102" type="stmt" count="2"/>
      <metrics loc="107" ncloc="107" classes="1" methods="6" coveredmethods="6" conditionals="0" coveredconditionals="0" statements="34" coveredstatements="34" elements="40" coveredelements="40"/>
    </file>
    <file name="/Users/aurelien/PROJETS/OC/P8 - tests/TodoAndCo/src/Controller/UserController.php">
      <class name="App\Controller\UserController" namespace="global">
        <metrics complexity="8" methods="4" coveredmethods="3" conditionals="0" coveredconditionals="0" statements="24" coveredstatements="14" elements="28" coveredelements="17"/>
      </class>
      <line num="18" type="method" name="__construct" visibility="public" complexity="1" crap="1" count="7"/>
      <line num="22" type="stmt" count="7"/>
      <line num="25" type="method" name="listAction" visibility="public" complexity="1" crap="1" count="2"/>
      <line num="29" type="stmt" count="2"/>
      <line num="33" type="method" name="createAction" visibility="public" complexity="3" crap="3" count="4"/>
      <line num="37" type="stmt" count="4"/>
      <line num="38" type="stmt" count="4"/>
      <line num="40" type="stmt" count="4"/>
      <line num="42" type="stmt" count="4"/>
      <line num="43" type="stmt" count="2"/>
      <line num="44" type="stmt" count="2"/>
      <line num="45" type="stmt" count="2"/>
      <line num="47" type="stmt" count="2"/>
      <line num="48" type="stmt" count="2"/>
      <line num="50" type="stmt" count="1"/>
      <line num="52" type="stmt" count="1"/>
      <line num="55" type="stmt" count="4"/>
      <line num="59" type="method" name="editAction" visibility="public" complexity="3" crap="12" count="0"/>
      <line num="63" type="stmt" count="0"/>
      <line num="65" type="stmt" count="0"/>
      <line num="67" type="stmt" count="0"/>
      <line num="68" type="stmt" count="0"/>
      <line num="69" type="stmt" count="0"/>
      <line num="70" type="stmt" count="0"/>
      <line num="72" type="stmt" count="0"/>
      <line num="74" type="stmt" count="0"/>
      <line num="76" type="stmt" count="0"/>
      <line num="79" type="stmt" count="0"/>
      <metrics loc="84" ncloc="84" classes="1" methods="4" coveredmethods="3" conditionals="0" coveredconditionals="0" statements="24" coveredstatements="14" elements="28" coveredelements="17"/>
    </file>
    <file name="/Users/aurelien/PROJETS/OC/P8 - tests/TodoAndCo/src/Entity/Task.php">
      <class name="App\Entity\Task" namespace="global">
        <metrics complexity="13" methods="13" coveredmethods="11" conditionals="0" coveredconditionals="0" statements="15" coveredstatements="13" elements="28" coveredelements="24"/>
      </class>
      <line num="37" type="method" name="__construct" visibility="public" complexity="1" crap="1" count="26"/>
      <line num="39" type="stmt" count="26"/>
      <line num="40" type="stmt" count="26"/>
      <line num="44" type="method" name="getId" visibility="public" complexity="1" crap="1" count="18"/>
      <line num="46" type="stmt" count="18"/>
      <line num="50" type="method" name="getCreatedAt" visibility="public" complexity="1" crap="2" count="0"/>
      <line num="52" type="stmt" count="0"/>
      <line num="56" type="method" name="setCreatedAt" visibility="public" complexity="1" crap="2" count="0"/>
      <line num="58" type="stmt" count="0"/>
      <line num="62" type="method" name="getTitle" visibility="public" complexity="1" crap="1" count="18"/>
      <line num="64" type="stmt" count="18"/>
      <line num="68" type="method" name="setTitle" visibility="public" complexity="1" crap="1" count="26"/>
      <line num="70" type="stmt" count="26"/>
      <line num="74" type="method" name="getContent" visibility="public" complexity="1" crap="1" count="18"/>
      <line num="76" type="stmt" count="18"/>
      <line num="80" type="method" name="setContent" visibility="public" complexity="1" crap="1" count="26"/>
      <line num="82" type="stmt" count="26"/>
      <line num="86" type="method" name="setIsDone" visibility="public" complexity="1" crap="1" count="26"/>
      <line num="88" type="stmt" count="26"/>
      <line num="92" type="method" name="isDone" visibility="public" complexity="1" crap="1" count="15"/>
      <line num="94" type="stmt" count="15"/>
      <line num="98" type="method" name="toggle" visibility="public" complexity="1" crap="1" count="2"/>
      <line num="100" type="stmt" count="2"/>
      <line num="103" type="method" name="getAuthor" visibility="public" complexity="1" crap="1" count="12"/>
      <line num="105" type="stmt" count="12"/>
      <line num="108" type="method" name="setAuthor" visibility="public" complexity="1" crap="1" count="26"/>
      <line num="110" type="stmt" count="26"/>
      <line num="112" type="stmt" count="26"/>
      <metrics loc="117" ncloc="117" classes="1" methods="13" coveredmethods="11" conditionals="0" coveredconditionals="0" statements="15" coveredstatements="13" elements="28" coveredelements="24"/>
    </file>
    <file name="/Users/aurelien/PROJETS/OC/P8 - tests/TodoAndCo/src/Entity/User.php">
      <class name="App\Entity\User" namespace="global">
        <metrics complexity="18" methods="15" coveredmethods="12" conditionals="0" coveredconditionals="0" statements="27" coveredstatements="18" elements="42" coveredelements="30"/>
      </class>
      <line num="47" type="method" name="__construct" visibility="public" complexity="1" crap="1" count="30"/>
      <line num="49" type="stmt" count="30"/>
      <line num="53" type="method" name="getId" visibility="public" complexity="1" crap="1" count="3"/>
      <line num="55" type="stmt" count="3"/>
      <line num="59" type="method" name="getUsername" visibility="public" complexity="1" crap="1" count="22"/>
      <line num="61" type="stmt" count="22"/>
      <line num="65" type="method" name="setUsername" visibility="public" complexity="1" crap="1" count="29"/>
      <line num="67" type="stmt" count="29"/>
      <line num="68" type="stmt" count="29"/>
      <line num="72" type="method" name="getPassword" visibility="public" complexity="1" crap="1" count="22"/>
      <line num="74" type="stmt" count="22"/>
      <line num="78" type="method" name="setPassword" visibility="public" complexity="1" crap="1" count="29"/>
      <line num="80" type="stmt" count="29"/>
      <line num="82" type="stmt" count="29"/>
      <line num="86" type="method" name="getEmail" visibility="public" complexity="1" crap="1" count="5"/>
      <line num="88" type="stmt" count="5"/>
      <line num="92" type="method" name="setEmail" visibility="public" complexity="1" crap="1" count="29"/>
      <line num="94" type="stmt" count="29"/>
      <line num="96" type="stmt" count="29"/>
      <line num="100" type="method" name="getRoles" visibility="public" complexity="1" crap="1" count="22"/>
      <line num="102" type="stmt" count="22"/>
      <line num="104" type="stmt" count="22"/>
      <line num="106" type="stmt" count="22"/>
      <line num="110" type="method" name="setRoles" visibility="public" complexity="1" crap="1" count="28"/>
      <line num="112" type="stmt" count="28"/>
      <line num="114" type="stmt" count="28"/>
      <line num="118" type="method" name="eraseCredentials" visibility="public" complexity="1" crap="1" count="1"/>
      <line num="120" type="stmt" count="1"/>
      <line num="123" type="method" name="getUserIdentifier" visibility="public" complexity="1" crap="1" count="22"/>
      <line num="125" type="stmt" count="22"/>
      <line num="131" type="method" name="getTasks" visibility="public" complexity="1" crap="2" count="0"/>
      <line num="133" type="stmt" count="0"/>
      <line num="136" type="method" name="addTask" visibility="public" complexity="2" crap="6" count="0"/>
      <line num="138" type="stmt" count="0"/>
      <line num="139" type="stmt" count="0"/>
      <line num="140" type="stmt" count="0"/>
      <line num="143" type="stmt" count="0"/>
      <line num="146" type="method" name="removeTask" visibility="public" complexity="3" crap="12" count="0"/>
      <line num="148" type="stmt" count="0"/>
      <line num="150" type="stmt" count="0"/>
      <line num="151" type="stmt" count="0"/>
      <line num="155" type="stmt" count="0"/>
      <metrics loc="160" ncloc="152" classes="1" methods="15" coveredmethods="12" conditionals="0" coveredconditionals="0" statements="27" coveredstatements="18" elements="42" coveredelements="30"/>
    </file>
    <file name="/Users/aurelien/PROJETS/OC/P8 - tests/TodoAndCo/src/Form/TaskType.php">
      <class name="App\Form\TaskType" namespace="global">
        <metrics complexity="1" methods="1" coveredmethods="1" conditionals="0" coveredconditionals="0" statements="5" coveredstatements="5" elements="6" coveredelements="6"/>
      </class>
      <line num="11" type="method" name="buildForm" visibility="public" complexity="1" crap="1" count="7"/>
      <line num="13" type="stmt" count="7"/>
      <line num="14" type="stmt" count="7"/>
      <line num="15" type="stmt" count="7"/>
      <line num="16" type="stmt" count="7"/>
      <line num="17" type="stmt" count="7"/>
      <metrics loc="20" ncloc="20" classes="1" methods="1" coveredmethods="1" conditionals="0" coveredconditionals="0" statements="5" coveredstatements="5" elements="6" coveredelements="6"/>
    </file>
    <file name="/Users/aurelien/PROJETS/OC/P8 - tests/TodoAndCo/src/Form/UserType.php">
      <class name="App\Form\UserType" namespace="global">
        <metrics complexity="1" methods="1" coveredmethods="1" conditionals="0" coveredconditionals="0" statements="29" coveredstatements="29" elements="30" coveredelements="30"/>
      </class>
      <line num="19" type="method" name="buildForm" visibility="public" complexity="1" crap="1" count="4"/>
      <line num="21" type="stmt" count="4"/>
      <line num="22" type="stmt" count="4"/>
      <line num="23" type="stmt" count="4"/>
      <line num="24" type="stmt" count="4"/>
      <line num="25" type="stmt" count="4"/>
      <line num="26" type="stmt" count="4"/>
      <line num="27" type="stmt" count="4"/>
      <line num="28" type="stmt" count="4"/>
      <line num="29" type="stmt" count="4"/>
      <line num="30" type="stmt" count="4"/>
      <line num="31" type="stmt" count="4"/>
      <line num="32" type="stmt" count="4"/>
      <line num="33" type="stmt" count="4"/>
      <line num="34" type="stmt" count="4"/>
      <line num="35" type="stmt" count="4"/>
      <line num="36" type="stmt" count="4"/>
      <line num="37" type="stmt" count="4"/>
      <line num="38" type="stmt" count="4"/>
      <line num="39" type="stmt" count="4"/>
      <line num="40" type="stmt" count="4"/>
      <line num="41" type="stmt" count="4"/>
      <line num="42" type="stmt" count="4"/>
      <line num="43" type="stmt" count="4"/>
      <line num="44" type="stmt" count="4"/>
      <line num="45" type="stmt" count="4"/>
      <line num="46" type="stmt" count="4"/>
      <line num="47" type="stmt" count="4"/>
      <line num="48" type="stmt" count="4"/>
      <line num="49" type="stmt" count="4"/>
      <metrics loc="54" ncloc="54" classes="1" methods="1" coveredmethods="1" conditionals="0" coveredconditionals="0" statements="29" coveredstatements="29" elements="30" coveredelements="30"/>
    </file>
    <file name="/Users/aurelien/PROJETS/OC/P8 - tests/TodoAndCo/src/Kernel.php">
      <class name="App\Kernel" namespace="global">
        <metrics complexity="0" methods="0" coveredmethods="0" conditionals="0" coveredconditionals="0" statements="0" coveredstatements="0" elements="0" coveredelements="0"/>
      </class>
      <metrics loc="12" ncloc="12" classes="0" methods="0" coveredmethods="0" conditionals="0" coveredconditionals="0" statements="0" coveredstatements="0" elements="0" coveredelements="0"/>
    </file>
    <file name="/Users/aurelien/PROJETS/OC/P8 - tests/TodoAndCo/src/Repository/TaskRepository.php">
      <class name="App\Repository\TaskRepository" namespace="global">
        <metrics complexity="1" methods="1" coveredmethods="1" conditionals="0" coveredconditionals="0" statements="1" coveredstatements="1" elements="2" coveredelements="2"/>
      </class>
      <line num="13" type="method" name="__construct" visibility="public" complexity="1" crap="1" count="12"/>
      <line num="15" type="stmt" count="12"/>
      <metrics loc="19" ncloc="19" classes="1" methods="1" coveredmethods="1" conditionals="0" coveredconditionals="0" statements="1" coveredstatements="1" elements="2" coveredelements="2"/>
    </file>
    <file name="/Users/aurelien/PROJETS/OC/P8 - tests/TodoAndCo/src/Repository/UserRepository.php">
      <class name="App\Repository\UserRepository" namespace="global">
        <metrics complexity="1" methods="1" coveredmethods="1" conditionals="0" coveredconditionals="0" statements="1" coveredstatements="1" elements="2" coveredelements="2"/>
      </class>
      <line num="13" type="method" name="__construct" visibility="public" complexity="1" crap="1" count="30"/>
      <line num="15" type="stmt" count="30"/>
      <metrics loc="19" ncloc="19" classes="1" methods="1" coveredmethods="1" conditionals="0" coveredconditionals="0" statements="1" coveredstatements="1" elements="2" coveredelements="2"/>
    </file>
    <file name="/Users/aurelien/PROJETS/OC/P8 - tests/TodoAndCo/src/Security/Voter/TaskVoter.php">
      <class name="App\Security\Voter\TaskVoter" namespace="global">
        <metrics complexity="8" methods="3" coveredmethods="2" conditionals="0" coveredconditionals="0" statements="8" coveredstatements="7" elements="11" coveredelements="9"/>
      </class>
      <line num="19" type="method" name="__construct" visibility="public" complexity="1" crap="1" count="28"/>
      <line num="21" type="stmt" count="28"/>
      <line num="24" type="method" name="supports" visibility="protected" complexity="2" crap="2" count="28"/>
      <line num="28" type="stmt" count="28"/>
      <line num="29" type="stmt" count="28"/>
      <line num="33" type="method" name="voteOnAttribute" visibility="protected" complexity="5" crap="5.20" count="18"/>
      <line num="35" type="stmt" count="18"/>
      <line num="37" type="stmt" count="18"/>
      <line num="38" type="stmt" count="6"/>
      <line num="45" type="stmt" count="12"/>
      <line num="48" type="stmt" count="0"/>
      <metrics loc="53" ncloc="49" classes="1" methods="3" coveredmethods="2" conditionals="0" coveredconditionals="0" statements="8" coveredstatements="7" elements="11" coveredelements="9"/>
    </file>
    <metrics files="12" loc="704" ncloc="691" classes="11" methods="48" coveredmethods="40" conditionals="0" coveredconditionals="0" statements="155" coveredstatements="131" elements="203" coveredelements="171"/>
  </project>
</coverage>
